{"/home/jpdrsanchez/Development/personal/my-react-boilerplate/src/App.tsx": {"path":"/home/jpdrsanchez/Development/personal/my-react-boilerplate/src/App.tsx","statementMap":{"0":{"start":{"line":4,"column":12},"end":{"line":11,"column":1}},"1":{"start":{"line":5,"column":2},"end":{"line":10,"column":3}}},"fnMap":{"0":{"name":"(anonymous_0)","decl":{"start":{"line":4,"column":12},"end":{"line":4,"column":13}},"loc":{"start":{"line":4,"column":18},"end":{"line":11,"column":1}},"line":4}},"branchMap":{},"s":{"0":0,"1":0},"f":{"0":0},"b":{}}
,"/home/jpdrsanchez/Development/personal/my-react-boilerplate/src/main.tsx": {"path":"/home/jpdrsanchez/Development/personal/my-react-boilerplate/src/main.tsx","statementMap":{"0":{"start":{"line":5,"column":0},"end":{"line":10,"column":1}}},"fnMap":{},"branchMap":{},"s":{"0":0},"f":{},"b":{}}
,"/home/jpdrsanchez/Development/personal/my-react-boilerplate/src/components/Main/index.tsx": {"path":"/home/jpdrsanchez/Development/personal/my-react-boilerplate/src/components/Main/index.tsx","statementMap":{"0":{"start":{"line":1,"column":13},"end":{"line":7,"column":1}},"1":{"start":{"line":2,"column":2},"end":{"line":6,"column":3}}},"fnMap":{"0":{"name":"(anonymous_0)","decl":{"start":{"line":1,"column":13},"end":{"line":1,"column":14}},"loc":{"start":{"line":1,"column":19},"end":{"line":7,"column":1}},"line":1}},"branchMap":{},"s":{"0":1,"1":1},"f":{"0":1},"b":{},"_coverageSchema":"1a1c01bbd47fc00a2c39e90264f33305004495a9","hash":"e43444913ce963bce7525c875a0d17e045f767bd"}
}
